<?xml version="1.0" encoding="UTF-8"?>
<!-- Generated by org.testng.reporters.JUnitReportReporter -->
<testsuite hostname="DESKTOP-BHD5INT" failures="0" tests="5" name="testcase.SignupTest" time="109.239" errors="0" timestamp="2023-10-24T09:39:38 CEST" skipped="0">
  <testcase classname="testcase.SignupTest" name="Signup" time="24.032"/>
  <testcase classname="testcase.SignupTest" name="Login" time="19.703"/>
  <testcase classname="testcase.SignupTest" name="LoginInvalidEmail" time="21.479"/>
  <testcase classname="testcase.SignupTest" name="LoginInvalidPassword" time="21.735"/>
  <testcase classname="testcase.SignupTest" name="LoginInvalidInvalidPassword" time="22.290"/>
</testsuite> <!-- testcase.SignupTest -->
