<?xml version="1.0" encoding="UTF-8"?>
<!-- Generated by org.testng.reporters.JUnitReportReporter -->
<testsuite hostname="DESKTOP-BHD5INT" failures="0" tests="3" name="testcase.NavigateBestBuyURLTest" time="26.850" errors="0" timestamp="2023-10-24T09:16:07 CEST" skipped="0">
  <testcase classname="testcase.NavigateBestBuyURLTest" name="NavigateURL" time="3.822"/>
  <testcase classname="testcase.NavigateBestBuyURLTest" name="SelectUS" time="13.017"/>
  <testcase classname="testcase.NavigateBestBuyURLTest" name="SelectCanada" time="10.011"/>
</testsuite> <!-- testcase.NavigateBestBuyURLTest -->
