<?xml version="1.0" encoding="UTF-8"?>
<!-- Generated by org.testng.reporters.JUnitReportReporter -->
<testsuite hostname="DESKTOP-BHD5INT" failures="0" tests="1" name="testcase.AddItemByDepartmentTest" time="56.994" errors="0" timestamp="2023-10-15T17:27:37 CEST" skipped="0">
  <testcase classname="testcase.AddItemByDepartmentTest" name="AddItemByDepartment" time="56.994"/>
</testsuite> <!-- testcase.AddItemByDepartmentTest -->
