<?xml version="1.0" encoding="UTF-8"?>
<!-- Generated by org.testng.reporters.JUnitReportReporter -->
<testsuite hostname="DESKTOP-BHD5INT" failures="0" tests="1" name="testcase.NavigateMenuItemsTest" time="54.845" errors="0" timestamp="2023-10-24T10:39:23 CEST" skipped="0">
  <testcase classname="testcase.NavigateMenuItemsTest" name="NavigateBottomLinks" time="54.845"/>
</testsuite> <!-- testcase.NavigateMenuItemsTest -->
