<?xml version="1.0" encoding="UTF-8"?>
<!-- Generated by org.testng.reporters.JUnitReportReporter -->
<testsuite hostname="DESKTOP-BHD5INT" failures="0" tests="1" name="testcase.AddItemByBrandTest" time="71.177" errors="0" timestamp="2023-10-15T17:29:16 CEST" skipped="0">
  <testcase classname="testcase.AddItemByBrandTest" name="AddItemByBrand" time="71.177"/>
</testsuite> <!-- testcase.AddItemByBrandTest -->
