<?xml version="1.0" encoding="UTF-8"?>
<!-- Generated by org.testng.reporters.JUnitReportReporter -->
<testsuite hostname="DESKTOP-BHD5INT" failures="0" tests="1" name="testcase.SearchAddItemTest" time="24.435" errors="0" timestamp="2023-10-13T09:01:09 CEST" skipped="0">
  <testcase classname="testcase.SearchAddItemTest" name="SearchAddItemTest" time="24.435"/>
</testsuite> <!-- testcase.SearchAddItemTest -->
