<?xml version="1.0" encoding="UTF-8"?>
<!-- Generated by org.testng.reporters.JUnitReportReporter -->
<testsuite hostname="DESKTOP-BHD5INT" failures="0" tests="3" name="testcase.NavigateBestBuyURL" time="30.116" errors="0" timestamp="2023-10-10T22:47:39 CEST" skipped="0">
  <testcase classname="testcase.NavigateBestBuyURL" name="NavigateURL" time="4.126"/>
  <testcase classname="testcase.NavigateBestBuyURL" name="SelectUS" time="14.136"/>
  <testcase classname="testcase.NavigateBestBuyURL" name="SelectCanada" time="11.854"/>
</testsuite> <!-- testcase.NavigateBestBuyURL -->
