<?xml version="1.0" encoding="UTF-8"?>
<!-- Generated by org.testng.reporters.JUnitReportReporter -->
<testsuite hostname="DESKTOP-BHD5INT" failures="0" tests="5" name="testcase.SignupTest" time="104.273" errors="0" timestamp="2023-10-24T12:11:18 CEST" skipped="0">
  <testcase classname="testcase.SignupTest" name="Signup" time="22.342"/>
  <testcase classname="testcase.SignupTest" name="Login" time="15.686"/>
  <testcase classname="testcase.SignupTest" name="LoginInvalidEmail" time="22.690"/>
  <testcase classname="testcase.SignupTest" name="LoginInvalidPassword" time="21.684"/>
  <testcase classname="testcase.SignupTest" name="LoginInvalidInvalidPassword" time="21.871"/>
</testsuite> <!-- testcase.SignupTest -->
