<?xml version="1.0" encoding="UTF-8"?>
<!-- Generated by org.testng.reporters.JUnitReportReporter -->
<testsuite hostname="DESKTOP-BHD5INT" failures="0" tests="2" name="testcase.NavigateMenuItemsTest" time="122.381" errors="0" timestamp="2023-10-24T12:11:18 CEST" skipped="0">
  <testcase classname="testcase.NavigateMenuItemsTest" name="NavigateMenuItems" time="70.620"/>
  <testcase classname="testcase.NavigateMenuItemsTest" name="NavigateBottomLinks" time="51.761"/>
</testsuite> <!-- testcase.NavigateMenuItemsTest -->
