<?xml version="1.0" encoding="UTF-8"?>
<!-- Generated by org.testng.reporters.JUnitReportReporter -->
<testsuite hostname="DESKTOP-BHD5INT" failures="0" tests="2" name="testcase.NavigateMenuItemsTest" time="127.766" errors="0" timestamp="2023-10-24T13:08:43 CEST" skipped="0">
  <testcase classname="testcase.NavigateMenuItemsTest" name="NavigateMenuItems" time="72.969"/>
  <testcase classname="testcase.NavigateMenuItemsTest" name="NavigateBottomLinks" time="54.797"/>
</testsuite> <!-- testcase.NavigateMenuItemsTest -->
