<?xml version="1.0" encoding="UTF-8"?>
<!-- Generated by org.testng.reporters.JUnitReportReporter -->
<testsuite hostname="DESKTOP-BHD5INT" failures="0" tests="3" name="testcase.NavigateBestBuyURLTest" time="26.356" errors="0" timestamp="2023-10-24T12:11:18 CEST" skipped="0">
  <testcase classname="testcase.NavigateBestBuyURLTest" name="NavigateURL" time="6.196"/>
  <testcase classname="testcase.NavigateBestBuyURLTest" name="SelectUS" time="10.419"/>
  <testcase classname="testcase.NavigateBestBuyURLTest" name="SelectCanada" time="9.741"/>
</testsuite> <!-- testcase.NavigateBestBuyURLTest -->
